Heap:
 garbage-first heap   total 131072K, used 104206K [0x0000000080000000, 0x0000000100000000)
  region size 1024K, 2 young (2048K), 2 survivors (2048K)
 Metaspace       used 97767K, capacity 100168K, committed 100224K, reserved 1144832K
  class space    used 12542K, capacity 13412K, committed 13440K, reserved 1048576K
GC Heap History (20 events):
Event: 61.747 GC heap before
{Heap before GC invocations=47 (full 0):
 garbage-first heap   total 131072K, used 111839K [0x0000000080000000, 0x0000000100000000)
  region size 1024K, 15 young (15360K), 2 survivors (2048K)
 Metaspace       used 90240K, capacity 92656K, committed 92800K, reserved 1130496K
  class space    used 11546K, capacity 12374K, committed 12416K, reserved 1048576K
}
Event: 61.753 GC heap after
{Heap after GC invocations=48 (full 0):
 garbage-first heap   total 131072K, used 100597K [0x0000000080000000, 0x0000000100000000)
  region size 1024K, 2 young (2048K), 2 survivors (2048K)
 Metaspace       used 90240K, capacity 92656K, committed 92800K, reserved 1130496K
  class space    used 11546K, capacity 12374K, committed 12416K, reserved 1048576K
}
Event: 62.380 GC heap before
{Heap before GC invocations=49 (full 0):
 garbage-first heap   total 131072K, used 111861K [0x0000000080000000, 0x0000000100000000)
  region size 1024K, 14 young (14336K), 2 survivors (2048K)
 Metaspace       used 90494K, capacity 92869K, committed 93056K, reserved 1130496K
  class space    used 11559K, capacity 12398K, committed 12416K, reserved 1048576K
}
Event: 62.387 GC heap after
{Heap after GC invocations=50 (full 0):
 garbage-first heap   total 131072K, used 101516K [0x0000000080000000, 0x0000000100000000)
  region size 1024K, 2 young (2048K), 2 survivors (2048K)
 Metaspace       used 90494K, capacity 92869K, committed 93056K, reserved 1130496K
  class space    used 11559K, capacity 12398K, committed 12416K, reserved 1048576K
}
Event: 63.059 GC heap before
{Heap before GC invocations=50 (full 0):
 garbage-first heap   total 131072K, used 113804K [0x0000000080000000, 0x0000000100000000)
  region size 1024K, 14 young (14336K), 2 survivors (2048K)
 Metaspace       used 92705K, capacity 95151K, committed 95488K, reserved 1132544K
  class space    used 11862K, capacity 12713K, committed 12800K, reserved 1048576K
}
Event: 63.068 GC heap after
{Heap after GC invocations=51 (full 0):
 garbage-first heap   total 131072K, used 101815K [0x0000000080000000, 0x0000000100000000)
  region size 1024K, 1 young (1024K), 1 survivors (1024K)
 Metaspace       used 92705K, capacity 95151K, committed 95488K, reserved 1132544K
  class space    used 11862K, capacity 12713K, committed 12800K, reserved 1048576K
}
Event: 63.537 GC heap before
{Heap before GC invocations=52 (full 0):
 garbage-first heap   total 131072K, used 113079K [0x0000000080000000, 0x0000000100000000)
  region size 1024K, 13 young (13312K), 1 survivors (1024K)
 Metaspace       used 93833K, capacity 96293K, committed 96512K, reserved 1132544K
  class space    used 12040K, capacity 12931K, committed 13056K, reserved 1048576K
}
Event: 63.543 GC heap after
{Heap after GC invocations=53 (full 0):
 garbage-first heap   total 131072K, used 102329K [0x0000000080000000, 0x0000000100000000)
  region size 1024K, 2 young (2048K), 2 survivors (2048K)
 Metaspace       used 93833K, capacity 96293K, committed 96512K, reserved 1132544K
  class space    used 12040K, capacity 12931K, committed 13056K, reserved 1048576K
}
Event: 63.770 GC heap before
{Heap before GC invocations=53 (full 0):
 garbage-first heap   total 131072K, used 113593K [0x0000000080000000, 0x0000000100000000)
  region size 1024K, 13 young (13312K), 2 survivors (2048K)
 Metaspace       used 94439K, capacity 96904K, committed 97024K, reserved 1132544K
  class space    used 12130K, capacity 13028K, committed 13056K, reserved 1048576K
}
Event: 63.774 GC heap after
{Heap after GC invocations=54 (full 0):
 garbage-first heap   total 131072K, used 102501K [0x0000000080000000, 0x0000000100000000)
  region size 1024K, 1 young (1024K), 1 survivors (1024K)
 Metaspace       used 94439K, capacity 96904K, committed 97024K, reserved 1132544K
  class space    used 12130K, capacity 13028K, committed 13056K, reserved 1048576K
}
Event: 64.031 GC heap before
{Heap before GC invocations=54 (full 0):
 garbage-first heap   total 131072K, used 113765K [0x0000000080000000, 0x0000000100000000)
  region size 1024K, 12 young (12288K), 1 survivors (1024K)
 Metaspace       used 95238K, capacity 97704K, committed 97920K, reserved 1134592K
  class space    used 12240K, capacity 13124K, committed 13184K, reserved 1048576K
}
Event: 64.034 GC heap after
{Heap after GC invocations=55 (full 0):
 garbage-first heap   total 131072K, used 102602K [0x0000000080000000, 0x0000000100000000)
  region size 1024K, 1 young (1024K), 1 survivors (1024K)
 Metaspace       used 95238K, capacity 97704K, committed 97920K, reserved 1134592K
  class space    used 12240K, capacity 13124K, committed 13184K, reserved 1048576K
}
Event: 64.274 GC heap before
{Heap before GC invocations=56 (full 0):
 garbage-first heap   total 131072K, used 113866K [0x0000000080000000, 0x0000000100000000)
  region size 1024K, 12 young (12288K), 1 survivors (1024K)
 Metaspace       used 96067K, capacity 98504K, committed 98816K, reserved 1134592K
  class space    used 12347K, capacity 13220K, committed 13312K, reserved 1048576K
}
Event: 64.278 GC heap after
{Heap after GC invocations=57 (full 0):
 garbage-first heap   total 131072K, used 102796K [0x0000000080000000, 0x0000000100000000)
  region size 1024K, 2 young (2048K), 2 survivors (2048K)
 Metaspace       used 96067K, capacity 98504K, committed 98816K, reserved 1134592K
  class space    used 12347K, capacity 13220K, committed 13312K, reserved 1048576K
}
Event: 64.551 GC heap before
{Heap before GC invocations=57 (full 0):
 garbage-first heap   total 131072K, used 112012K [0x0000000080000000, 0x0000000100000000)
  region size 1024K, 12 young (12288K), 2 survivors (2048K)
 Metaspace       used 96819K, capacity 99240K, committed 99456K, reserved 1134592K
  class space    used 12433K, capacity 13316K, committed 13440K, reserved 1048576K
}
Event: 64.560 GC heap after
{Heap after GC invocations=58 (full 0):
 garbage-first heap   total 131072K, used 103207K [0x0000000080000000, 0x0000000100000000)
  region size 1024K, 1 young (1024K), 1 survivors (1024K)
 Metaspace       used 96819K, capacity 99240K, committed 99456K, reserved 1134592K
  class space    used 12433K, capacity 13316K, committed 13440K, reserved 1048576K
}
Event: 64.911 GC heap before
{Heap before GC invocations=58 (full 0):
 garbage-first heap   total 131072K, used 114471K [0x0000000080000000, 0x0000000100000000)
  region size 1024K, 12 young (12288K), 1 survivors (1024K)
 Metaspace       used 97617K, capacity 100040K, committed 100224K, reserved 1136640K
  class space    used 12529K, capacity 13412K, committed 13440K, reserved 1048576K
}
Event: 64.917 GC heap after
{Heap after GC invocations=59 (full 0):
 garbage-first heap   total 131072K, used 103742K [0x0000000080000000, 0x0000000100000000)
  region size 1024K, 2 young (2048K), 2 survivors (2048K)
 Metaspace       used 97617K, capacity 100040K, committed 100224K, reserved 1136640K
  class space    used 12529K, capacity 13412K, committed 13440K, reserved 1048576K
}
Event: 65.042 GC heap before
{Heap before GC invocations=60 (full 0):
 garbage-first heap   total 131072K, used 105790K [0x0000000080000000, 0x0000000100000000)
  region size 1024K, 5 young (5120K), 2 survivors (2048K)
 Metaspace       used 97767K, capacity 100168K, committed 100224K, reserved 1142784K
  class space    used 12542K, capacity 13412K, committed 13440K, reserved 1048576K
}
Event: 65.052 GC heap after
{Heap after GC invocations=61 (full 0):
 garbage-first heap   total 131072K, used 104206K [0x0000000080000000, 0x0000000100000000)
  region size 1024K, 2 young (2048K), 2 survivors (2048K)
 Metaspace       used 97767K, capacity 100168K, committed 100224K, reserved 1142784K
  class space    used 12542K, capacity 13412K, committed 13440K, reserved 1048576K
}

